<?xml version="1.0" encoding="UTF-8"?>
<robot generator="Robot 2.9 (Jython 2.7.0 on java1.8.0_60)" generated="20160121 16:22:53.523">
<suite source="C:\Users\Owner\Desktop\CS310\IndProj\tic-tac-toe\acceptance\TicTacToeTests.txt" name="TicTacToeTests" id="s1">
<test name="Win Diagonally as X" id="s1-t1">
<kw library="TicTacToeKeywords" name="Start New Game">
<status endtime="20160121 16:22:54.084" starttime="20160121 16:22:54.084" status="PASS"></status>
</kw>
<kw library="TicTacToeKeywords" name="Mark Location">
<arguments>
<arg>1</arg>
<arg>1</arg>
</arguments>
<status endtime="20160121 16:22:54.100" starttime="20160121 16:22:54.084" status="PASS"></status>
</kw>
<kw name="Check Location">
<arguments>
<arg>1</arg>
<arg>1</arg>
<arg>X</arg>
</arguments>
<kw library="TicTacToeKeywords" name="Get Mark">
<arguments>
<arg>${row}</arg>
<arg>${col}</arg>
</arguments>
<assign>
<var>${m}</var>
</assign>
<msg level="INFO" timestamp="20160121 16:22:54.116">${m} = X</msg>
<status endtime="20160121 16:22:54.116" starttime="20160121 16:22:54.100" status="PASS"></status>
</kw>
<kw library="BuiltIn" name="Should Be Equal">
<doc>Fails if the given objects are unequal.</doc>
<arguments>
<arg>${m}</arg>
<arg>${mark}</arg>
</arguments>
<status endtime="20160121 16:22:54.131" starttime="20160121 16:22:54.116" status="PASS"></status>
</kw>
<status endtime="20160121 16:22:54.131" starttime="20160121 16:22:54.100" status="PASS"></status>
</kw>
<kw library="TicTacToeKeywords" name="Mark Location">
<arguments>
<arg>0</arg>
<arg>1</arg>
</arguments>
<status endtime="20160121 16:22:54.131" starttime="20160121 16:22:54.131" status="PASS"></status>
</kw>
<kw name="Check Location">
<arguments>
<arg>0</arg>
<arg>1</arg>
<arg>O</arg>
</arguments>
<kw library="TicTacToeKeywords" name="Get Mark">
<arguments>
<arg>${row}</arg>
<arg>${col}</arg>
</arguments>
<assign>
<var>${m}</var>
</assign>
<msg level="INFO" timestamp="20160121 16:22:54.147">${m} = O</msg>
<status endtime="20160121 16:22:54.147" starttime="20160121 16:22:54.147" status="PASS"></status>
</kw>
<kw library="BuiltIn" name="Should Be Equal">
<doc>Fails if the given objects are unequal.</doc>
<arguments>
<arg>${m}</arg>
<arg>${mark}</arg>
</arguments>
<status endtime="20160121 16:22:54.162" starttime="20160121 16:22:54.162" status="PASS"></status>
</kw>
<status endtime="20160121 16:22:54.162" starttime="20160121 16:22:54.147" status="PASS"></status>
</kw>
<kw library="TicTacToeKeywords" name="Mark Location">
<arguments>
<arg>0</arg>
<arg>0</arg>
</arguments>
<status endtime="20160121 16:22:54.178" starttime="20160121 16:22:54.162" status="PASS"></status>
</kw>
<kw name="Check Location">
<arguments>
<arg>0</arg>
<arg>0</arg>
<arg>X</arg>
</arguments>
<kw library="TicTacToeKeywords" name="Get Mark">
<arguments>
<arg>${row}</arg>
<arg>${col}</arg>
</arguments>
<assign>
<var>${m}</var>
</assign>
<msg level="INFO" timestamp="20160121 16:22:54.194">${m} = X</msg>
<status endtime="20160121 16:22:54.194" starttime="20160121 16:22:54.178" status="PASS"></status>
</kw>
<kw library="BuiltIn" name="Should Be Equal">
<doc>Fails if the given objects are unequal.</doc>
<arguments>
<arg>${m}</arg>
<arg>${mark}</arg>
</arguments>
<status endtime="20160121 16:22:54.194" starttime="20160121 16:22:54.194" status="PASS"></status>
</kw>
<status endtime="20160121 16:22:54.209" starttime="20160121 16:22:54.178" status="PASS"></status>
</kw>
<kw library="TicTacToeKeywords" name="Mark Location">
<arguments>
<arg>0</arg>
<arg>2</arg>
</arguments>
<status endtime="20160121 16:22:54.209" starttime="20160121 16:22:54.209" status="PASS"></status>
</kw>
<kw name="Check Location">
<arguments>
<arg>0</arg>
<arg>2</arg>
<arg>O</arg>
</arguments>
<kw library="TicTacToeKeywords" name="Get Mark">
<arguments>
<arg>${row}</arg>
<arg>${col}</arg>
</arguments>
<assign>
<var>${m}</var>
</assign>
<msg level="INFO" timestamp="20160121 16:22:54.225">${m} = O</msg>
<status endtime="20160121 16:22:54.225" starttime="20160121 16:22:54.225" status="PASS"></status>
</kw>
<kw library="BuiltIn" name="Should Be Equal">
<doc>Fails if the given objects are unequal.</doc>
<arguments>
<arg>${m}</arg>
<arg>${mark}</arg>
</arguments>
<status endtime="20160121 16:22:54.240" starttime="20160121 16:22:54.225" status="PASS"></status>
</kw>
<status endtime="20160121 16:22:54.240" starttime="20160121 16:22:54.209" status="PASS"></status>
</kw>
<kw library="TicTacToeKeywords" name="Mark Location">
<arguments>
<arg>2</arg>
<arg>2</arg>
</arguments>
<status endtime="20160121 16:22:54.240" starttime="20160121 16:22:54.240" status="PASS"></status>
</kw>
<kw name="Check Location">
<arguments>
<arg>2</arg>
<arg>2</arg>
<arg>X</arg>
</arguments>
<kw library="TicTacToeKeywords" name="Get Mark">
<arguments>
<arg>${row}</arg>
<arg>${col}</arg>
</arguments>
<assign>
<var>${m}</var>
</assign>
<msg level="INFO" timestamp="20160121 16:22:54.258">${m} = X</msg>
<status endtime="20160121 16:22:54.258" starttime="20160121 16:22:54.258" status="PASS"></status>
</kw>
<kw library="BuiltIn" name="Should Be Equal">
<doc>Fails if the given objects are unequal.</doc>
<arguments>
<arg>${m}</arg>
<arg>${mark}</arg>
</arguments>
<status endtime="20160121 16:22:54.274" starttime="20160121 16:22:54.258" status="PASS"></status>
</kw>
<status endtime="20160121 16:22:54.274" starttime="20160121 16:22:54.256" status="PASS"></status>
</kw>
<kw name="Winner Should Be">
<arguments>
<arg>X</arg>
</arguments>
<kw library="TicTacToeKeywords" name="Get Winner">
<assign>
<var>${m}</var>
</assign>
<msg level="INFO" timestamp="20160121 16:22:54.274">${m} = X</msg>
<status endtime="20160121 16:22:54.274" starttime="20160121 16:22:54.274" status="PASS"></status>
</kw>
<kw library="BuiltIn" name="Should Be Equal">
<doc>Fails if the given objects are unequal.</doc>
<arguments>
<arg>${m}</arg>
<arg>${mark}</arg>
</arguments>
<status endtime="20160121 16:22:54.289" starttime="20160121 16:22:54.289" status="PASS"></status>
</kw>
<status endtime="20160121 16:22:54.289" starttime="20160121 16:22:54.274" status="PASS"></status>
</kw>
<status critical="yes" endtime="20160121 16:22:54.289" starttime="20160121 16:22:54.069" status="PASS"></status>
</test>
<test name="Win Horizontally as O" id="s1-t2">
<kw library="TicTacToeKeywords" name="Start New Game">
<status endtime="20160121 16:22:54.305" starttime="20160121 16:22:54.305" status="PASS"></status>
</kw>
<kw library="TicTacToeKeywords" name="Mark Location">
<arguments>
<arg>1</arg>
<arg>1</arg>
</arguments>
<status endtime="20160121 16:22:54.305" starttime="20160121 16:22:54.305" status="PASS"></status>
</kw>
<kw name="Check Location">
<arguments>
<arg>1</arg>
<arg>1</arg>
<arg>X</arg>
</arguments>
<kw library="TicTacToeKeywords" name="Get Mark">
<arguments>
<arg>${row}</arg>
<arg>${col}</arg>
</arguments>
<assign>
<var>${m}</var>
</assign>
<msg level="INFO" timestamp="20160121 16:22:54.320">${m} = X</msg>
<status endtime="20160121 16:22:54.320" starttime="20160121 16:22:54.320" status="PASS"></status>
</kw>
<kw library="BuiltIn" name="Should Be Equal">
<doc>Fails if the given objects are unequal.</doc>
<arguments>
<arg>${m}</arg>
<arg>${mark}</arg>
</arguments>
<status endtime="20160121 16:22:54.320" starttime="20160121 16:22:54.320" status="PASS"></status>
</kw>
<status endtime="20160121 16:22:54.320" starttime="20160121 16:22:54.305" status="PASS"></status>
</kw>
<kw library="TicTacToeKeywords" name="Mark Location">
<arguments>
<arg>2</arg>
<arg>0</arg>
</arguments>
<status endtime="20160121 16:22:54.336" starttime="20160121 16:22:54.336" status="PASS"></status>
</kw>
<kw name="Check Location">
<arguments>
<arg>2</arg>
<arg>0</arg>
<arg>O</arg>
</arguments>
<kw library="TicTacToeKeywords" name="Get Mark">
<arguments>
<arg>${row}</arg>
<arg>${col}</arg>
</arguments>
<assign>
<var>${m}</var>
</assign>
<msg level="INFO" timestamp="20160121 16:22:54.336">${m} = O</msg>
<status endtime="20160121 16:22:54.336" starttime="20160121 16:22:54.336" status="PASS"></status>
</kw>
<kw library="BuiltIn" name="Should Be Equal">
<doc>Fails if the given objects are unequal.</doc>
<arguments>
<arg>${m}</arg>
<arg>${mark}</arg>
</arguments>
<status endtime="20160121 16:22:54.352" starttime="20160121 16:22:54.352" status="PASS"></status>
</kw>
<status endtime="20160121 16:22:54.352" starttime="20160121 16:22:54.336" status="PASS"></status>
</kw>
<kw library="TicTacToeKeywords" name="Mark Location">
<arguments>
<arg>0</arg>
<arg>0</arg>
</arguments>
<status endtime="20160121 16:22:54.352" starttime="20160121 16:22:54.352" status="PASS"></status>
</kw>
<kw name="Check Location">
<arguments>
<arg>0</arg>
<arg>0</arg>
<arg>X</arg>
</arguments>
<kw library="TicTacToeKeywords" name="Get Mark">
<arguments>
<arg>${row}</arg>
<arg>${col}</arg>
</arguments>
<assign>
<var>${m}</var>
</assign>
<msg level="INFO" timestamp="20160121 16:22:54.367">${m} = X</msg>
<status endtime="20160121 16:22:54.367" starttime="20160121 16:22:54.367" status="PASS"></status>
</kw>
<kw library="BuiltIn" name="Should Be Equal">
<doc>Fails if the given objects are unequal.</doc>
<arguments>
<arg>${m}</arg>
<arg>${mark}</arg>
</arguments>
<status endtime="20160121 16:22:54.383" starttime="20160121 16:22:54.367" status="PASS"></status>
</kw>
<status endtime="20160121 16:22:54.383" starttime="20160121 16:22:54.352" status="PASS"></status>
</kw>
<kw library="TicTacToeKeywords" name="Mark Location">
<arguments>
<arg>2</arg>
<arg>2</arg>
</arguments>
<status endtime="20160121 16:22:54.383" starttime="20160121 16:22:54.383" status="PASS"></status>
</kw>
<kw name="Check Location">
<arguments>
<arg>2</arg>
<arg>2</arg>
<arg>O</arg>
</arguments>
<kw library="TicTacToeKeywords" name="Get Mark">
<arguments>
<arg>${row}</arg>
<arg>${col}</arg>
</arguments>
<assign>
<var>${m}</var>
</assign>
<msg level="INFO" timestamp="20160121 16:22:54.398">${m} = O</msg>
<status endtime="20160121 16:22:54.398" starttime="20160121 16:22:54.398" status="PASS"></status>
</kw>
<kw library="BuiltIn" name="Should Be Equal">
<doc>Fails if the given objects are unequal.</doc>
<arguments>
<arg>${m}</arg>
<arg>${mark}</arg>
</arguments>
<status endtime="20160121 16:22:54.414" starttime="20160121 16:22:54.398" status="PASS"></status>
</kw>
<status endtime="20160121 16:22:54.414" starttime="20160121 16:22:54.383" status="PASS"></status>
</kw>
<kw library="TicTacToeKeywords" name="Mark Location">
<arguments>
<arg>0</arg>
<arg>2</arg>
</arguments>
<status endtime="20160121 16:22:54.414" starttime="20160121 16:22:54.414" status="PASS"></status>
</kw>
<kw name="Check Location">
<arguments>
<arg>0</arg>
<arg>2</arg>
<arg>X</arg>
</arguments>
<kw library="TicTacToeKeywords" name="Get Mark">
<arguments>
<arg>${row}</arg>
<arg>${col}</arg>
</arguments>
<assign>
<var>${m}</var>
</assign>
<msg level="INFO" timestamp="20160121 16:22:54.430">${m} = X</msg>
<status endtime="20160121 16:22:54.430" starttime="20160121 16:22:54.430" status="PASS"></status>
</kw>
<kw library="BuiltIn" name="Should Be Equal">
<doc>Fails if the given objects are unequal.</doc>
<arguments>
<arg>${m}</arg>
<arg>${mark}</arg>
</arguments>
<status endtime="20160121 16:22:54.445" starttime="20160121 16:22:54.430" status="PASS"></status>
</kw>
<status endtime="20160121 16:22:54.445" starttime="20160121 16:22:54.414" status="PASS"></status>
</kw>
<kw library="TicTacToeKeywords" name="Mark Location">
<arguments>
<arg>2</arg>
<arg>1</arg>
</arguments>
<status endtime="20160121 16:22:54.445" starttime="20160121 16:22:54.445" status="PASS"></status>
</kw>
<kw name="Check Location">
<arguments>
<arg>2</arg>
<arg>1</arg>
<arg>O</arg>
</arguments>
<kw library="TicTacToeKeywords" name="Get Mark">
<arguments>
<arg>${row}</arg>
<arg>${col}</arg>
</arguments>
<assign>
<var>${m}</var>
</assign>
<msg level="INFO" timestamp="20160121 16:22:54.461">${m} = O</msg>
<status endtime="20160121 16:22:54.461" starttime="20160121 16:22:54.461" status="PASS"></status>
</kw>
<kw library="BuiltIn" name="Should Be Equal">
<doc>Fails if the given objects are unequal.</doc>
<arguments>
<arg>${m}</arg>
<arg>${mark}</arg>
</arguments>
<status endtime="20160121 16:22:54.461" starttime="20160121 16:22:54.461" status="PASS"></status>
</kw>
<status endtime="20160121 16:22:54.461" starttime="20160121 16:22:54.445" status="PASS"></status>
</kw>
<kw name="Winner Should Be">
<arguments>
<arg>O</arg>
</arguments>
<kw library="TicTacToeKeywords" name="Get Winner">
<assign>
<var>${m}</var>
</assign>
<msg level="INFO" timestamp="20160121 16:22:54.476">${m} = O</msg>
<status endtime="20160121 16:22:54.476" starttime="20160121 16:22:54.476" status="PASS"></status>
</kw>
<kw library="BuiltIn" name="Should Be Equal">
<doc>Fails if the given objects are unequal.</doc>
<arguments>
<arg>${m}</arg>
<arg>${mark}</arg>
</arguments>
<status endtime="20160121 16:22:54.476" starttime="20160121 16:22:54.476" status="PASS"></status>
</kw>
<status endtime="20160121 16:22:54.476" starttime="20160121 16:22:54.461" status="PASS"></status>
</kw>
<status critical="yes" endtime="20160121 16:22:54.476" starttime="20160121 16:22:54.305" status="PASS"></status>
</test>
<test name="Force a Tie" id="s1-t3">
<kw library="TicTacToeKeywords" name="Start New Game">
<status endtime="20160121 16:22:54.492" starttime="20160121 16:22:54.492" status="PASS"></status>
</kw>
<kw library="TicTacToeKeywords" name="Mark Location">
<arguments>
<arg>1</arg>
<arg>1</arg>
</arguments>
<status endtime="20160121 16:22:54.492" starttime="20160121 16:22:54.492" status="PASS"></status>
</kw>
<kw name="Check Location">
<arguments>
<arg>1</arg>
<arg>1</arg>
<arg>X</arg>
</arguments>
<kw library="TicTacToeKeywords" name="Get Mark">
<arguments>
<arg>${row}</arg>
<arg>${col}</arg>
</arguments>
<assign>
<var>${m}</var>
</assign>
<msg level="INFO" timestamp="20160121 16:22:54.508">${m} = X</msg>
<status endtime="20160121 16:22:54.508" starttime="20160121 16:22:54.508" status="PASS"></status>
</kw>
<kw library="BuiltIn" name="Should Be Equal">
<doc>Fails if the given objects are unequal.</doc>
<arguments>
<arg>${m}</arg>
<arg>${mark}</arg>
</arguments>
<status endtime="20160121 16:22:54.508" starttime="20160121 16:22:54.508" status="PASS"></status>
</kw>
<status endtime="20160121 16:22:54.523" starttime="20160121 16:22:54.492" status="PASS"></status>
</kw>
<kw library="TicTacToeKeywords" name="Mark Location">
<arguments>
<arg>0</arg>
<arg>0</arg>
</arguments>
<status endtime="20160121 16:22:54.523" starttime="20160121 16:22:54.523" status="PASS"></status>
</kw>
<kw name="Check Location">
<arguments>
<arg>0</arg>
<arg>0</arg>
<arg>O</arg>
</arguments>
<kw library="TicTacToeKeywords" name="Get Mark">
<arguments>
<arg>${row}</arg>
<arg>${col}</arg>
</arguments>
<assign>
<var>${m}</var>
</assign>
<msg level="INFO" timestamp="20160121 16:22:54.523">${m} = O</msg>
<status endtime="20160121 16:22:54.523" starttime="20160121 16:22:54.523" status="PASS"></status>
</kw>
<kw library="BuiltIn" name="Should Be Equal">
<doc>Fails if the given objects are unequal.</doc>
<arguments>
<arg>${m}</arg>
<arg>${mark}</arg>
</arguments>
<status endtime="20160121 16:22:54.539" starttime="20160121 16:22:54.523" status="PASS"></status>
</kw>
<status endtime="20160121 16:22:54.539" starttime="20160121 16:22:54.523" status="PASS"></status>
</kw>
<kw library="TicTacToeKeywords" name="Mark Location">
<arguments>
<arg>2</arg>
<arg>0</arg>
</arguments>
<status endtime="20160121 16:22:54.539" starttime="20160121 16:22:54.539" status="PASS"></status>
</kw>
<kw name="Check Location">
<arguments>
<arg>2</arg>
<arg>0</arg>
<arg>X</arg>
</arguments>
<kw library="TicTacToeKeywords" name="Get Mark">
<arguments>
<arg>${row}</arg>
<arg>${col}</arg>
</arguments>
<assign>
<var>${m}</var>
</assign>
<msg level="INFO" timestamp="20160121 16:22:54.554">${m} = X</msg>
<status endtime="20160121 16:22:54.554" starttime="20160121 16:22:54.554" status="PASS"></status>
</kw>
<kw library="BuiltIn" name="Should Be Equal">
<doc>Fails if the given objects are unequal.</doc>
<arguments>
<arg>${m}</arg>
<arg>${mark}</arg>
</arguments>
<status endtime="20160121 16:22:54.554" starttime="20160121 16:22:54.554" status="PASS"></status>
</kw>
<status endtime="20160121 16:22:54.554" starttime="20160121 16:22:54.539" status="PASS"></status>
</kw>
<kw library="TicTacToeKeywords" name="Mark Location">
<arguments>
<arg>0</arg>
<arg>2</arg>
</arguments>
<status endtime="20160121 16:22:54.570" starttime="20160121 16:22:54.570" status="PASS"></status>
</kw>
<kw name="Check Location">
<arguments>
<arg>0</arg>
<arg>2</arg>
<arg>O</arg>
</arguments>
<kw library="TicTacToeKeywords" name="Get Mark">
<arguments>
<arg>${row}</arg>
<arg>${col}</arg>
</arguments>
<assign>
<var>${m}</var>
</assign>
<msg level="INFO" timestamp="20160121 16:22:54.570">${m} = O</msg>
<status endtime="20160121 16:22:54.570" starttime="20160121 16:22:54.570" status="PASS"></status>
</kw>
<kw library="BuiltIn" name="Should Be Equal">
<doc>Fails if the given objects are unequal.</doc>
<arguments>
<arg>${m}</arg>
<arg>${mark}</arg>
</arguments>
<status endtime="20160121 16:22:54.586" starttime="20160121 16:22:54.586" status="PASS"></status>
</kw>
<status endtime="20160121 16:22:54.586" starttime="20160121 16:22:54.570" status="PASS"></status>
</kw>
<kw library="TicTacToeKeywords" name="Mark Location">
<arguments>
<arg>0</arg>
<arg>1</arg>
</arguments>
<status endtime="20160121 16:22:54.586" starttime="20160121 16:22:54.586" status="PASS"></status>
</kw>
<kw name="Check Location">
<arguments>
<arg>0</arg>
<arg>1</arg>
<arg>X</arg>
</arguments>
<kw library="TicTacToeKeywords" name="Get Mark">
<arguments>
<arg>${row}</arg>
<arg>${col}</arg>
</arguments>
<assign>
<var>${m}</var>
</assign>
<msg level="INFO" timestamp="20160121 16:22:54.601">${m} = X</msg>
<status endtime="20160121 16:22:54.601" starttime="20160121 16:22:54.601" status="PASS"></status>
</kw>
<kw library="BuiltIn" name="Should Be Equal">
<doc>Fails if the given objects are unequal.</doc>
<arguments>
<arg>${m}</arg>
<arg>${mark}</arg>
</arguments>
<status endtime="20160121 16:22:54.617" starttime="20160121 16:22:54.601" status="PASS"></status>
</kw>
<status endtime="20160121 16:22:54.617" starttime="20160121 16:22:54.586" status="PASS"></status>
</kw>
<kw library="TicTacToeKeywords" name="Mark Location">
<arguments>
<arg>2</arg>
<arg>1</arg>
</arguments>
<status endtime="20160121 16:22:54.617" starttime="20160121 16:22:54.617" status="PASS"></status>
</kw>
<kw name="Check Location">
<arguments>
<arg>2</arg>
<arg>1</arg>
<arg>O</arg>
</arguments>
<kw library="TicTacToeKeywords" name="Get Mark">
<arguments>
<arg>${row}</arg>
<arg>${col}</arg>
</arguments>
<assign>
<var>${m}</var>
</assign>
<msg level="INFO" timestamp="20160121 16:22:54.632">${m} = O</msg>
<status endtime="20160121 16:22:54.648" starttime="20160121 16:22:54.632" status="PASS"></status>
</kw>
<kw library="BuiltIn" name="Should Be Equal">
<doc>Fails if the given objects are unequal.</doc>
<arguments>
<arg>${m}</arg>
<arg>${mark}</arg>
</arguments>
<status endtime="20160121 16:22:54.648" starttime="20160121 16:22:54.648" status="PASS"></status>
</kw>
<status endtime="20160121 16:22:54.648" starttime="20160121 16:22:54.617" status="PASS"></status>
</kw>
<kw library="TicTacToeKeywords" name="Mark Location">
<arguments>
<arg>1</arg>
<arg>2</arg>
</arguments>
<status endtime="20160121 16:22:54.664" starttime="20160121 16:22:54.648" status="PASS"></status>
</kw>
<kw name="Check Location">
<arguments>
<arg>1</arg>
<arg>2</arg>
<arg>X</arg>
</arguments>
<kw library="TicTacToeKeywords" name="Get Mark">
<arguments>
<arg>${row}</arg>
<arg>${col}</arg>
</arguments>
<assign>
<var>${m}</var>
</assign>
<msg level="INFO" timestamp="20160121 16:22:54.664">${m} = X</msg>
<status endtime="20160121 16:22:54.664" starttime="20160121 16:22:54.664" status="PASS"></status>
</kw>
<kw library="BuiltIn" name="Should Be Equal">
<doc>Fails if the given objects are unequal.</doc>
<arguments>
<arg>${m}</arg>
<arg>${mark}</arg>
</arguments>
<status endtime="20160121 16:22:54.679" starttime="20160121 16:22:54.679" status="PASS"></status>
</kw>
<status endtime="20160121 16:22:54.679" starttime="20160121 16:22:54.664" status="PASS"></status>
</kw>
<kw library="TicTacToeKeywords" name="Mark Location">
<arguments>
<arg>1</arg>
<arg>0</arg>
</arguments>
<status endtime="20160121 16:22:54.679" starttime="20160121 16:22:54.679" status="PASS"></status>
</kw>
<kw name="Check Location">
<arguments>
<arg>1</arg>
<arg>0</arg>
<arg>O</arg>
</arguments>
<kw library="TicTacToeKeywords" name="Get Mark">
<arguments>
<arg>${row}</arg>
<arg>${col}</arg>
</arguments>
<assign>
<var>${m}</var>
</assign>
<msg level="INFO" timestamp="20160121 16:22:54.695">${m} = O</msg>
<status endtime="20160121 16:22:54.695" starttime="20160121 16:22:54.695" status="PASS"></status>
</kw>
<kw library="BuiltIn" name="Should Be Equal">
<doc>Fails if the given objects are unequal.</doc>
<arguments>
<arg>${m}</arg>
<arg>${mark}</arg>
</arguments>
<status endtime="20160121 16:22:54.710" starttime="20160121 16:22:54.695" status="PASS"></status>
</kw>
<status endtime="20160121 16:22:54.710" starttime="20160121 16:22:54.695" status="PASS"></status>
</kw>
<kw library="TicTacToeKeywords" name="Mark Location">
<arguments>
<arg>2</arg>
<arg>2</arg>
</arguments>
<status endtime="20160121 16:22:54.710" starttime="20160121 16:22:54.710" status="PASS"></status>
</kw>
<kw name="Check Location">
<arguments>
<arg>2</arg>
<arg>2</arg>
<arg>X</arg>
</arguments>
<kw library="TicTacToeKeywords" name="Get Mark">
<arguments>
<arg>${row}</arg>
<arg>${col}</arg>
</arguments>
<assign>
<var>${m}</var>
</assign>
<msg level="INFO" timestamp="20160121 16:22:54.726">${m} = X</msg>
<status endtime="20160121 16:22:54.726" starttime="20160121 16:22:54.710" status="PASS"></status>
</kw>
<kw library="BuiltIn" name="Should Be Equal">
<doc>Fails if the given objects are unequal.</doc>
<arguments>
<arg>${m}</arg>
<arg>${mark}</arg>
</arguments>
<status endtime="20160121 16:22:54.726" starttime="20160121 16:22:54.726" status="PASS"></status>
</kw>
<status endtime="20160121 16:22:54.726" starttime="20160121 16:22:54.710" status="PASS"></status>
</kw>
<kw name="Winner Should Be">
<arguments>
<arg>TIE</arg>
</arguments>
<kw library="TicTacToeKeywords" name="Get Winner">
<assign>
<var>${m}</var>
</assign>
<msg level="INFO" timestamp="20160121 16:22:54.742">${m} = TIE</msg>
<status endtime="20160121 16:22:54.742" starttime="20160121 16:22:54.742" status="PASS"></status>
</kw>
<kw library="BuiltIn" name="Should Be Equal">
<doc>Fails if the given objects are unequal.</doc>
<arguments>
<arg>${m}</arg>
<arg>${mark}</arg>
</arguments>
<status endtime="20160121 16:22:54.742" starttime="20160121 16:22:54.742" status="PASS"></status>
</kw>
<status endtime="20160121 16:22:54.757" starttime="20160121 16:22:54.726" status="PASS"></status>
</kw>
<status critical="yes" endtime="20160121 16:22:54.757" starttime="20160121 16:22:54.492" status="PASS"></status>
</test>
<status endtime="20160121 16:22:54.757" starttime="20160121 16:22:53.554" status="PASS"></status>
</suite>
<statistics>
<total>
<stat pass="3" fail="0">Critical Tests</stat>
<stat pass="3" fail="0">All Tests</stat>
</total>
<tag>
</tag>
<suite>
<stat pass="3" fail="0" name="TicTacToeTests" id="s1">TicTacToeTests</stat>
</suite>
</statistics>
<errors>
</errors>
</robot>
